Mplus VERSION 8.5
MUTHEN & MUTHEN
02/04/2021  11:09 AM

INPUT INSTRUCTIONS

  TITLE: Latent interaction between PEOU and PU

  DATA: file = Journal.pone.0216007.s001.dat;
        LISTWISE=ON;

  VARIABLE:
    names = num PU1 PU2 PU3 PU4 PEOU1 PEOU2 PEOU3 PEOU4 IQ1 IQ2 IQ3
            FAM1 FAM2 FAM3 BI1 BI2 BI3 ATT1 ATT2
            GENDER MIDAGE OLD ASSO BACH GRAD MARRC MARRNC MID_INC HIGH_INC;
    usevar = PU1 PU2 PU3 PU4 PEOU1 PEOU2 PEOU3 PEOU4 BI1 BI2;
    missing = all(-99);

  ANALYSIS: TYPE = RANDOM; ALGORITHM = INTEGRATION;

  MODEL:

    PEOU BY PEOU4 PEOU1 PEOU2 PEOU3;
    PU BY PU4 PU1 PU2 PU3;
    BI BY BI1 BI2;
    PEOUxPU | PEOU XWITH PU;
    BI ON PEOU PU PEOUxPU;
    [PU*];
    [PU1@0];
    [PEOU*];
    [PEOU1@0];
    [BI1@0];
    [BI*];

  OUTPUT: TECH1 TECH8 svalues CINTERVAL standardized;



INPUT READING TERMINATED NORMALLY



Latent interaction between PEOU and PU

SUMMARY OF ANALYSIS

Number of groups                                                 1
Number of observations                                         762

Number of dependent variables                                   10
Number of independent variables                                  0
Number of continuous latent variables                            4

Observed dependent variables

  Continuous
   PU1         PU2         PU3         PU4         PEOU1       PEOU2
   PEOU3       PEOU4       BI1         BI2

Continuous latent variables
   PEOU        PU          BI          PEOUXPU


Estimator                                                      MLR
Information matrix                                        OBSERVED
Optimization Specifications for the Quasi-Newton Algorithm for
Continuous Outcomes
  Maximum number of iterations                                 100
  Convergence criterion                                  0.100D-05
Optimization Specifications for the EM Algorithm
  Maximum number of iterations                                 500
  Convergence criteria
    Loglikelihood change                                 0.100D-02
    Relative loglikelihood change                        0.100D-05
    Derivative                                           0.100D-02
Optimization Specifications for the M step of the EM Algorithm for
Categorical Latent variables
  Number of M step iterations                                    1
  M step convergence criterion                           0.100D-02
  Basis for M step termination                           ITERATION
Optimization Specifications for the M step of the EM Algorithm for
Censored, Binary or Ordered Categorical (Ordinal), Unordered
Categorical (Nominal) and Count Outcomes
  Number of M step iterations                                    1
  M step convergence criterion                           0.100D-02
  Basis for M step termination                           ITERATION
  Maximum value for logit thresholds                            15
  Minimum value for logit thresholds                           -15
  Minimum expected cell size for chi-square              0.100D-01
Optimization algorithm                                         EMA
Integration Specifications
  Type                                                    STANDARD
  Number of integration points                                  15
  Dimensions of numerical integration                            2
  Adaptive quadrature                                           ON
Cholesky                                                       OFF

Input data file(s)
  Journal.pone.0216007.s001.dat
Input data format  FREE



UNIVARIATE SAMPLE STATISTICS


     UNIVARIATE HIGHER-ORDER MOMENT DESCRIPTIVE STATISTICS

         Variable/         Mean/     Skewness/   Minimum/ % with                Percentiles
        Sample Size      Variance    Kurtosis    Maximum  Min/Max      20%/60%    40%/80%    Median

     PU1                   4.538      -1.156       2.000    0.52%       4.000      5.000      5.000
             762.000       0.396       0.811       5.000   60.63%       5.000      5.000
     PU2                   4.471      -1.092       2.000    0.92%       4.000      4.000      5.000
             762.000       0.467       0.599       5.000   57.09%       5.000      5.000
     PU3                   4.491      -1.161       2.000    0.92%       4.000      4.000      5.000
             762.000       0.468       0.719       5.000   59.06%       5.000      5.000
     PU4                   4.541      -0.917       3.000    5.38%       4.000      4.000      5.000
             762.000       0.356      -0.161       5.000   59.45%       5.000      5.000
     PEOU1                 4.109      -0.736       1.000    0.39%       3.000      4.000      4.000
             762.000       0.695       0.209       5.000   36.09%       4.000      5.000
     PEOU2                 3.999      -0.390       1.000    0.13%       3.000      4.000      4.000
             762.000       0.681      -0.516       5.000   30.45%       4.000      5.000
     PEOU3                 4.144      -0.392       2.000    1.05%       4.000      4.000      4.000
             762.000       0.528      -0.505       5.000   33.60%       4.000      5.000
     PEOU4                 4.161      -0.462       2.000    1.31%       4.000      4.000      4.000
             762.000       0.532      -0.358       5.000   34.65%       4.000      5.000
     BI1                   4.429      -0.644       2.000    0.39%       4.000      4.000      4.000
             762.000       0.363       0.044       5.000   48.43%       5.000      5.000
     BI2                   4.412      -0.709       2.000    0.52%       4.000      4.000      4.000
             762.000       0.392       0.146       5.000   48.16%       5.000      5.000


THE MODEL ESTIMATION TERMINATED NORMALLY



MODEL FIT INFORMATION

Number of Free Parameters                       34

Loglikelihood

          H0 Value                       -5472.324
          H0 Scaling Correction Factor      1.5292
            for MLR

Information Criteria

          Akaike (AIC)                   11012.649
          Bayesian (BIC)                 11170.271
          Sample-Size Adjusted BIC       11062.306
            (n* = (n + 2) / 24)



MODEL RESULTS

                                                    Two-Tailed
                    Estimate       S.E.  Est./S.E.    P-Value

 PEOU     BY
    PEOU4              1.000      0.000    999.000    999.000
    PEOU1              1.019      0.041     24.566      0.000
    PEOU2              1.159      0.043     27.226      0.000
    PEOU3              1.018      0.043     23.491      0.000

 PU       BY
    PU4                1.000      0.000    999.000    999.000
    PU1                1.035      0.053     19.374      0.000
    PU2                1.203      0.055     22.056      0.000
    PU3                1.068      0.036     29.529      0.000

 BI       BY
    BI1                1.000      0.000    999.000    999.000
    BI2                0.988      0.036     27.454      0.000

 BI         ON
    PEOU               0.651      0.437      1.490      0.136
    PU                 0.709      0.376      1.887      0.059
    PEOUXPU           -0.066      0.095     -0.701      0.483

 PU       WITH
    PEOU               0.142      0.015      9.679      0.000

 Means
    PEOU               4.034      0.175     23.102      0.000
    PU                 4.385      0.232     18.897      0.000

 Intercepts
    PU1                0.000      0.000    999.000    999.000
    PU2               -0.803      0.175     -4.587      0.000
    PU3               -0.193      0.274     -0.706      0.480
    PU4                0.155      0.234      0.662      0.508
    PEOU1              0.000      0.000    999.000    999.000
    PEOU2             -0.678      0.204     -3.327      0.001
    PEOU3              0.038      0.220      0.173      0.862
    PEOU4              0.128      0.176      0.726      0.468
    BI1                0.000      0.000    999.000    999.000
    BI2                0.034      0.165      0.209      0.834
    BI                -0.125      1.718     -0.073      0.942

 Variances
    PEOU               0.367      0.024     15.430      0.000
    PU                 0.254      0.020     12.637      0.000

 Residual Variances
    PU1                0.123      0.015      8.404      0.000
    PU2                0.099      0.013      7.675      0.000
    PU3                0.178      0.019      9.341      0.000
    PU4                0.102      0.011      8.850      0.000
    PEOU1              0.314      0.033      9.592      0.000
    PEOU2              0.188      0.018     10.593      0.000
    PEOU3              0.147      0.016      9.244      0.000
    PEOU4              0.165      0.014     12.078      0.000
    BI1                0.053      0.011      4.697      0.000
    BI2                0.089      0.012      7.267      0.000
    BI                 0.165      0.015     10.902      0.000


STANDARDIZED MODEL RESULTS


STDYX Standardization

                                                    Two-Tailed
                    Estimate       S.E.  Est./S.E.    P-Value

 PEOU     BY
    PEOU4              0.831      0.015     55.783      0.000
    PEOU1              0.740      0.026     28.040      0.000
    PEOU2              0.851      0.016     54.821      0.000
    PEOU3              0.849      0.018     48.107      0.000

 PU       BY
    PU4                0.845      0.020     41.882      0.000
    PU1                0.830      0.022     38.111      0.000
    PU2                0.888      0.015     58.509      0.000
    PU3                0.788      0.022     36.307      0.000

 BI       BY
    BI1                0.923      0.017     55.141      0.000
    BI2                0.878      0.018     49.625      0.000

 BI         ON
    PEOU               0.711      0.473      1.503      0.133
    PU                 0.644      0.339      1.902      0.057
    PEOUXPU           -0.037      0.052     -0.702      0.483

 PU       WITH
    PEOU               0.465      0.041     11.390      0.000

 Means
    PEOU               6.657      0.307     21.691      0.000
    PU                 8.696      0.409     21.247      0.000

 Intercepts
    PU1                0.000      0.000    999.000    999.000
    PU2               -1.175      0.252     -4.669      0.000
    PU3               -0.282      0.397     -0.712      0.476
    PU4                0.260      0.394      0.660      0.509
    PEOU1              0.000      0.000    999.000    999.000
    PEOU2             -0.821      0.243     -3.372      0.001
    PEOU3              0.053      0.303      0.173      0.862
    PEOU4              0.175      0.242      0.723      0.470
    BI1                0.000      0.000    999.000    999.000
    BI2                0.055      0.264      0.209      0.835
    BI                -0.225      3.093     -0.073      0.942

 Variances
    PEOU               1.000      0.000    999.000    999.000
    PU                 1.000      0.000    999.000    999.000

 Residual Variances
    PU1                0.311      0.036      8.619      0.000
    PU2                0.212      0.027      7.881      0.000
    PU3                0.380      0.034     11.112      0.000
    PU4                0.285      0.034      8.367      0.000
    PEOU1              0.452      0.039     11.572      0.000
    PEOU2              0.276      0.026     10.424      0.000
    PEOU3              0.279      0.030      9.309      0.000
    PEOU4              0.310      0.025     12.506      0.000
    BI1                0.148      0.031      4.775      0.000
    BI2                0.229      0.031      7.361      0.000
    BI                 0.536      0.035     15.228      0.000


STDY Standardization

                                                    Two-Tailed
                    Estimate       S.E.  Est./S.E.    P-Value

 PEOU     BY
    PEOU4              0.831      0.015     55.783      0.000
    PEOU1              0.740      0.026     28.040      0.000
    PEOU2              0.851      0.016     54.821      0.000
    PEOU3              0.849      0.018     48.107      0.000

 PU       BY
    PU4                0.845      0.020     41.882      0.000
    PU1                0.830      0.022     38.111      0.000
    PU2                0.888      0.015     58.509      0.000
    PU3                0.788      0.022     36.307      0.000

 BI       BY
    BI1                0.923      0.017     55.141      0.000
    BI2                0.878      0.018     49.625      0.000

 BI         ON
    PEOU               0.711      0.473      1.503      0.133
    PU                 0.644      0.339      1.902      0.057
    PEOUXPU           -0.037      0.052     -0.702      0.483

 PU       WITH
    PEOU               0.465      0.041     11.390      0.000

 Means
    PEOU               6.657      0.307     21.691      0.000
    PU                 8.696      0.409     21.247      0.000

 Intercepts
    PU1                0.000      0.000    999.000    999.000
    PU2               -1.175      0.252     -4.669      0.000
    PU3               -0.282      0.397     -0.712      0.476
    PU4                0.260      0.394      0.660      0.509
    PEOU1              0.000      0.000    999.000    999.000
    PEOU2             -0.821      0.243     -3.372      0.001
    PEOU3              0.053      0.303      0.173      0.862
    PEOU4              0.175      0.242      0.723      0.470
    BI1                0.000      0.000    999.000    999.000
    BI2                0.055      0.264      0.209      0.835
    BI                -0.225      3.093     -0.073      0.942

 Variances
    PEOU               1.000      0.000    999.000    999.000
    PU                 1.000      0.000    999.000    999.000

 Residual Variances
    PU1                0.311      0.036      8.619      0.000
    PU2                0.212      0.027      7.881      0.000
    PU3                0.380      0.034     11.112      0.000
    PU4                0.285      0.034      8.367      0.000
    PEOU1              0.452      0.039     11.572      0.000
    PEOU2              0.276      0.026     10.424      0.000
    PEOU3              0.279      0.030      9.309      0.000
    PEOU4              0.310      0.025     12.506      0.000
    BI1                0.148      0.031      4.775      0.000
    BI2                0.229      0.031      7.361      0.000
    BI                 0.536      0.035     15.228      0.000


STD Standardization

                                                    Two-Tailed
                    Estimate       S.E.  Est./S.E.    P-Value

 PEOU     BY
    PEOU4              0.606      0.020     30.861      0.000
    PEOU1              0.617      0.027     22.989      0.000
    PEOU2              0.702      0.023     31.122      0.000
    PEOU3              0.617      0.020     30.195      0.000

 PU       BY
    PU4                0.504      0.020     25.274      0.000
    PU1                0.522      0.023     22.656      0.000
    PU2                0.607      0.022     27.569      0.000
    PU3                0.539      0.022     24.381      0.000

 BI       BY
    BI1                0.555      0.018     31.167      0.000
    BI2                0.549      0.019     28.156      0.000

 BI         ON
    PEOU               0.711      0.473      1.503      0.133
    PU                 0.644      0.339      1.902      0.057
    PEOUXPU           -0.037      0.052     -0.702      0.483

 PU       WITH
    PEOU               0.465      0.041     11.390      0.000

 Means
    PEOU               6.657      0.307     21.691      0.000
    PU                 8.696      0.409     21.247      0.000

 Intercepts
    PU1                0.000      0.000    999.000    999.000
    PU2               -0.803      0.175     -4.587      0.000
    PU3               -0.193      0.274     -0.706      0.480
    PU4                0.155      0.234      0.662      0.508
    PEOU1              0.000      0.000    999.000    999.000
    PEOU2             -0.678      0.204     -3.327      0.001
    PEOU3              0.038      0.220      0.173      0.862
    PEOU4              0.128      0.176      0.726      0.468
    BI1                0.000      0.000    999.000    999.000
    BI2                0.034      0.165      0.209      0.834
    BI                -0.225      3.093     -0.073      0.942

 Variances
    PEOU               1.000      0.000    999.000    999.000
    PU                 1.000      0.000    999.000    999.000

 Residual Variances
    PU1                0.123      0.015      8.404      0.000
    PU2                0.099      0.013      7.675      0.000
    PU3                0.178      0.019      9.341      0.000
    PU4                0.102      0.011      8.850      0.000
    PEOU1              0.314      0.033      9.592      0.000
    PEOU2              0.188      0.018     10.593      0.000
    PEOU3              0.147      0.016      9.244      0.000
    PEOU4              0.165      0.014     12.078      0.000
    BI1                0.053      0.011      4.697      0.000
    BI2                0.089      0.012      7.267      0.000
    BI                 0.536      0.035     15.228      0.000


R-SQUARE

    Observed                                        Two-Tailed
    Variable        Estimate       S.E.  Est./S.E.    P-Value

    PU1                0.689      0.036     19.056      0.000
    PU2                0.788      0.027     29.254      0.000
    PU3                0.620      0.034     18.153      0.000
    PU4                0.715      0.034     20.941      0.000
    PEOU1              0.548      0.039     14.020      0.000
    PEOU2              0.724      0.026     27.411      0.000
    PEOU3              0.721      0.030     24.053      0.000
    PEOU4              0.690      0.025     27.892      0.000
    BI1                0.852      0.031     27.570      0.000
    BI2                0.771      0.031     24.813      0.000

     Latent                                         Two-Tailed
    Variable        Estimate       S.E.  Est./S.E.    P-Value

    BI                 0.464      0.035     13.178      0.000


QUALITY OF NUMERICAL RESULTS

     Condition Number for the Information Matrix              0.444E-06
       (ratio of smallest to largest eigenvalue)


CONFIDENCE INTERVALS OF MODEL RESULTS

                  Lower .5%  Lower 2.5%    Lower 5%    Estimate    Upper 5%  Upper 2.5%   Upper .5%

 PEOU     BY
    PEOU4            1.000       1.000       1.000       1.000       1.000       1.000       1.000
    PEOU1            0.912       0.937       0.950       1.019       1.087       1.100       1.125
    PEOU2            1.050       1.076       1.089       1.159       1.229       1.243       1.269
    PEOU3            0.906       0.933       0.947       1.018       1.089       1.103       1.130

 PU       BY
    PU4              1.000       1.000       1.000       1.000       1.000       1.000       1.000
    PU1              0.897       0.930       0.947       1.035       1.123       1.139       1.172
    PU2              1.062       1.096       1.113       1.203       1.292       1.310       1.343
    PU3              0.975       0.997       1.009       1.068       1.128       1.139       1.161

 BI       BY
    BI1              1.000       1.000       1.000       1.000       1.000       1.000       1.000
    BI2              0.896       0.918       0.929       0.988       1.048       1.059       1.081

 BI       ON
    PEOU            -0.474      -0.205      -0.068       0.651       1.370       1.508       1.777
    PU              -0.259      -0.027       0.091       0.709       1.327       1.446       1.677
    PEOUXPU         -0.310      -0.252      -0.222      -0.066       0.089       0.119       0.178

 PU       WITH
    PEOU             0.104       0.113       0.118       0.142       0.166       0.171       0.180

 Means
    PEOU             3.584       3.691       3.746       4.034       4.321       4.376       4.483
    PU               3.788       3.931       4.004       4.385       4.767       4.840       4.983

 Intercepts
    PU1              0.000       0.000       0.000       0.000       0.000       0.000       0.000
    PU2             -1.254      -1.146      -1.091      -0.803      -0.515      -0.460      -0.352
    PU3             -0.898      -0.730      -0.643      -0.193       0.257       0.343       0.512
    PU4             -0.448      -0.304      -0.230       0.155       0.541       0.614       0.759
    PEOU1            0.000       0.000       0.000       0.000       0.000       0.000       0.000
    PEOU2           -1.202      -1.077      -1.013      -0.678      -0.342      -0.278      -0.153
    PEOU3           -0.529      -0.393      -0.324       0.038       0.400       0.470       0.605
    PEOU4           -0.325      -0.217      -0.162       0.128       0.417       0.472       0.581
    BI1              0.000       0.000       0.000       0.000       0.000       0.000       0.000
    BI2             -0.390      -0.288      -0.236       0.034       0.305       0.357       0.459
    BI              -4.550      -3.492      -2.951      -0.125       2.701       3.242       4.300

 Variances
    PEOU             0.306       0.321       0.328       0.367       0.406       0.414       0.428
    PU               0.203       0.215       0.221       0.254       0.287       0.294       0.306

 Residual Variances
    PU1              0.085       0.094       0.099       0.123       0.147       0.152       0.161
    PU2              0.066       0.074       0.078       0.099       0.120       0.124       0.132
    PU3              0.129       0.140       0.146       0.178       0.209       0.215       0.227
    PU4              0.072       0.079       0.083       0.102       0.121       0.124       0.131
    PEOU1            0.230       0.250       0.261       0.314       0.368       0.379       0.399
    PEOU2            0.142       0.153       0.159       0.188       0.217       0.222       0.233
    PEOU3            0.106       0.116       0.121       0.147       0.173       0.178       0.188
    PEOU4            0.130       0.138       0.142       0.165       0.187       0.191       0.200
    BI1              0.024       0.031       0.035       0.053       0.072       0.076       0.083
    BI2              0.058       0.065       0.069       0.089       0.110       0.113       0.121
    BI               0.126       0.136       0.140       0.165       0.190       0.195       0.204


CONFIDENCE INTERVALS OF STANDARDIZED MODEL RESULTS


STDYX Standardization

                  Lower .5%  Lower 2.5%    Lower 5%    Estimate    Upper 5%  Upper 2.5%   Upper .5%

 PEOU     BY
    PEOU4            0.793       0.802       0.806       0.831       0.855       0.860       0.869
    PEOU1            0.672       0.688       0.697       0.740       0.784       0.792       0.808
    PEOU2            0.811       0.821       0.826       0.851       0.877       0.882       0.891
    PEOU3            0.804       0.815       0.820       0.849       0.878       0.884       0.895

 PU       BY
    PU4              0.793       0.806       0.812       0.845       0.878       0.885       0.897
    PU1              0.774       0.787       0.794       0.830       0.866       0.872       0.886
    PU2              0.848       0.858       0.863       0.888       0.913       0.917       0.927
    PU3              0.732       0.745       0.752       0.788       0.823       0.830       0.843

 BI       BY
    BI1              0.880       0.890       0.896       0.923       0.951       0.956       0.966
    BI2              0.833       0.844       0.849       0.878       0.907       0.913       0.924

 BI       ON
    PEOU            -0.508      -0.216      -0.067       0.711       1.489       1.638       1.929
    PU              -0.228      -0.020       0.087       0.644       1.201       1.308       1.517
    PEOUXPU         -0.171      -0.138      -0.122      -0.037       0.049       0.065       0.098

 PU       WITH
    PEOU             0.360       0.385       0.398       0.465       0.532       0.545       0.570

 Means
    PEOU             5.866       6.055       6.152       6.657       7.162       7.259       7.447
    PU               7.641       7.893       8.022       8.696       9.369       9.498       9.750

 Intercepts
    PU1              0.000       0.000       0.000       0.000       0.000       0.000       0.000
    PU2             -1.824      -1.669      -1.589      -1.175      -0.761      -0.682      -0.527
    PU3             -1.305      -1.060      -0.935      -0.282       0.370       0.495       0.740
    PU4             -0.755      -0.512      -0.388       0.260       0.908       1.032       1.275
    PEOU1            0.000       0.000       0.000       0.000       0.000       0.000       0.000
    PEOU2           -1.448      -1.298      -1.221      -0.821      -0.421      -0.344      -0.194
    PEOU3           -0.729      -0.542      -0.446       0.053       0.551       0.647       0.834
    PEOU4           -0.449      -0.300      -0.223       0.175       0.574       0.650       0.799
    BI1              0.000       0.000       0.000       0.000       0.000       0.000       0.000
    BI2             -0.625      -0.462      -0.379       0.055       0.489       0.573       0.735
    BI              -8.191      -6.287      -5.312      -0.225       4.862       5.836       7.741

 Variances
    PEOU             1.000       1.000       1.000       1.000       1.000       1.000       1.000
    PU               1.000       1.000       1.000       1.000       1.000       1.000       1.000

 Residual Variances
    PU1              0.218       0.241       0.252       0.311       0.371       0.382       0.405
    PU2              0.143       0.159       0.168       0.212       0.257       0.265       0.282
    PU3              0.292       0.313       0.323       0.380       0.436       0.447       0.468
    PU4              0.198       0.219       0.229       0.285       0.342       0.352       0.373
    PEOU1            0.352       0.376       0.388       0.452       0.516       0.529       0.553
    PEOU2            0.207       0.224       0.232       0.276       0.319       0.327       0.344
    PEOU3            0.202       0.220       0.230       0.279       0.328       0.338       0.356
    PEOU4            0.246       0.261       0.269       0.310       0.350       0.358       0.373
    BI1              0.068       0.087       0.097       0.148       0.198       0.208       0.227
    BI2              0.149       0.168       0.178       0.229       0.280       0.290       0.309
    BI               0.445       0.467       0.478       0.536       0.594       0.605       0.627


STDY Standardization

                  Lower .5%  Lower 2.5%    Lower 5%    Estimate    Upper 5%  Upper 2.5%   Upper .5%

 PEOU     BY
    PEOU4            0.793       0.802       0.806       0.831       0.855       0.860       0.869
    PEOU1            0.672       0.688       0.697       0.740       0.784       0.792       0.808
    PEOU2            0.811       0.821       0.826       0.851       0.877       0.882       0.891
    PEOU3            0.804       0.815       0.820       0.849       0.878       0.884       0.895

 PU       BY
    PU4              0.793       0.806       0.812       0.845       0.878       0.885       0.897
    PU1              0.774       0.787       0.794       0.830       0.866       0.872       0.886
    PU2              0.848       0.858       0.863       0.888       0.913       0.917       0.927
    PU3              0.732       0.745       0.752       0.788       0.823       0.830       0.843

 BI       BY
    BI1              0.880       0.890       0.896       0.923       0.951       0.956       0.966
    BI2              0.833       0.844       0.849       0.878       0.907       0.913       0.924

 BI       ON
    PEOU            -0.508      -0.216      -0.067       0.711       1.489       1.638       1.929
    PU              -0.228      -0.020       0.087       0.644       1.201       1.308       1.517
    PEOUXPU         -0.171      -0.138      -0.122      -0.037       0.049       0.065       0.098

 PU       WITH
    PEOU             0.360       0.385       0.398       0.465       0.532       0.545       0.570

 Means
    PEOU             5.866       6.055       6.152       6.657       7.162       7.259       7.447
    PU               7.641       7.893       8.022       8.696       9.369       9.498       9.750

 Intercepts
    PU1              0.000       0.000       0.000       0.000       0.000       0.000       0.000
    PU2             -1.824      -1.669      -1.589      -1.175      -0.761      -0.682      -0.527
    PU3             -1.305      -1.060      -0.935      -0.282       0.370       0.495       0.740
    PU4             -0.755      -0.512      -0.388       0.260       0.908       1.032       1.275
    PEOU1            0.000       0.000       0.000       0.000       0.000       0.000       0.000
    PEOU2           -1.448      -1.298      -1.221      -0.821      -0.421      -0.344      -0.194
    PEOU3           -0.729      -0.542      -0.446       0.053       0.551       0.647       0.834
    PEOU4           -0.449      -0.300      -0.223       0.175       0.574       0.650       0.799
    BI1              0.000       0.000       0.000       0.000       0.000       0.000       0.000
    BI2             -0.625      -0.462      -0.379       0.055       0.489       0.573       0.735
    BI              -8.191      -6.287      -5.312      -0.225       4.862       5.836       7.741

 Variances
    PEOU             1.000       1.000       1.000       1.000       1.000       1.000       1.000
    PU               1.000       1.000       1.000       1.000       1.000       1.000       1.000

 Residual Variances
    PU1              0.218       0.241       0.252       0.311       0.371       0.382       0.405
    PU2              0.143       0.159       0.168       0.212       0.257       0.265       0.282
    PU3              0.292       0.313       0.323       0.380       0.436       0.447       0.468
    PU4              0.198       0.219       0.229       0.285       0.342       0.352       0.373
    PEOU1            0.352       0.376       0.388       0.452       0.516       0.529       0.553
    PEOU2            0.207       0.224       0.232       0.276       0.319       0.327       0.344
    PEOU3            0.202       0.220       0.230       0.279       0.328       0.338       0.356
    PEOU4            0.246       0.261       0.269       0.310       0.350       0.358       0.373
    BI1              0.068       0.087       0.097       0.148       0.198       0.208       0.227
    BI2              0.149       0.168       0.178       0.229       0.280       0.290       0.309
    BI               0.445       0.467       0.478       0.536       0.594       0.605       0.627


STD Standardization

                  Lower .5%  Lower 2.5%    Lower 5%    Estimate    Upper 5%  Upper 2.5%   Upper .5%

 PEOU     BY
    PEOU4            0.555       0.567       0.574       0.606       0.638       0.644       0.657
    PEOU1            0.548       0.565       0.573       0.617       0.661       0.670       0.686
    PEOU2            0.644       0.658       0.665       0.702       0.740       0.747       0.761
    PEOU3            0.564       0.577       0.583       0.617       0.650       0.657       0.669

 PU       BY
    PU4              0.453       0.465       0.472       0.504       0.537       0.543       0.556
    PU1              0.463       0.477       0.484       0.522       0.560       0.567       0.581
    PU2              0.550       0.563       0.570       0.607       0.643       0.650       0.663
    PU3              0.482       0.495       0.502       0.539       0.575       0.582       0.596

 BI       BY
    BI1              0.509       0.520       0.526       0.555       0.585       0.590       0.601
    BI2              0.499       0.511       0.517       0.549       0.581       0.587       0.599

 BI       ON
    PEOU            -0.508      -0.216      -0.067       0.711       1.489       1.638       1.929
    PU              -0.228      -0.020       0.087       0.644       1.201       1.308       1.517
    PEOUXPU         -0.171      -0.138      -0.122      -0.037       0.049       0.065       0.098

 PU       WITH
    PEOU             0.360       0.385       0.398       0.465       0.532       0.545       0.570

 Means
    PEOU             5.866       6.055       6.152       6.657       7.162       7.259       7.447
    PU               7.641       7.893       8.022       8.696       9.369       9.498       9.750

 Intercepts
    PU1              0.000       0.000       0.000       0.000       0.000       0.000       0.000
    PU2             -1.254      -1.146      -1.091      -0.803      -0.515      -0.460      -0.352
    PU3             -0.898      -0.730      -0.643      -0.193       0.257       0.343       0.512
    PU4             -0.448      -0.304      -0.230       0.155       0.541       0.614       0.759
    PEOU1            0.000       0.000       0.000       0.000       0.000       0.000       0.000
    PEOU2           -1.202      -1.077      -1.013      -0.678      -0.342      -0.278      -0.153
    PEOU3           -0.529      -0.393      -0.324       0.038       0.400       0.470       0.605
    PEOU4           -0.325      -0.217      -0.162       0.128       0.417       0.472       0.581
    BI1              0.000       0.000       0.000       0.000       0.000       0.000       0.000
    BI2             -0.390      -0.288      -0.236       0.034       0.305       0.357       0.459
    BI              -8.191      -6.287      -5.312      -0.225       4.862       5.836       7.741

 Variances
    PEOU             1.000       1.000       1.000       1.000       1.000       1.000       1.000
    PU               1.000       1.000       1.000       1.000       1.000       1.000       1.000

 Residual Variances
    PU1              0.085       0.094       0.099       0.123       0.147       0.152       0.161
    PU2              0.066       0.074       0.078       0.099       0.120       0.124       0.132
    PU3              0.129       0.140       0.146       0.178       0.209       0.215       0.227
    PU4              0.072       0.079       0.083       0.102       0.121       0.124       0.131
    PEOU1            0.230       0.250       0.261       0.314       0.368       0.379       0.399
    PEOU2            0.142       0.153       0.159       0.188       0.217       0.222       0.233
    PEOU3            0.106       0.116       0.121       0.147       0.173       0.178       0.188
    PEOU4            0.130       0.138       0.142       0.165       0.187       0.191       0.200
    BI1              0.024       0.031       0.035       0.053       0.072       0.076       0.083
    BI2              0.058       0.065       0.069       0.089       0.110       0.113       0.121
    BI               0.445       0.467       0.478       0.536       0.594       0.605       0.627


MODEL COMMAND WITH FINAL ESTIMATES USED AS STARTING VALUES

     peouxpu | peou XWITH pu;

     peou BY peou4@1;
     peou BY peou1*1.01865;
     peou BY peou2*1.15929;
     peou BY peou3*1.01797;
     pu BY pu4@1;
     pu BY pu1*1.03479;
     pu BY pu2*1.20268;
     pu BY pu3*1.06807;
     bi BY bi1@1;
     bi BY bi2*0.98837;

     bi ON peou*0.65124;
     bi ON pu*0.70920;
     bi ON peouxpu*-0.06634;

     pu WITH peou*0.14215;

     [ pu1@0 ];
     [ pu2*-0.80321 ];
     [ pu3*-0.19321 ];
     [ pu4*0.15518 ];
     [ peou1@0 ];
     [ peou2*-0.67755 ];
     [ peou3*0.03817 ];
     [ peou4*0.12771 ];
     [ bi1@0 ];
     [ bi2*0.03444 ];
     [ peou*4.03371 ];
     [ pu*4.38550 ];
     [ bi*-0.12501 ];

     pu1*0.12318;
     pu2*0.09911;
     pu3*0.17761;
     pu4*0.10163;
     peou1*0.31445;
     peou2*0.18766;
     peou3*0.14725;
     peou4*0.16462;
     bi1*0.05338;
     bi2*0.08933;
     peou*0.36716;
     pu*0.25435;
     bi*0.16525;



TECHNICAL 1 OUTPUT


     PARAMETER SPECIFICATION


           NU
              PU1           PU2           PU3           PU4           PEOU1
              ________      ________      ________      ________      ________
                    0             1             2             3             0


           NU
              PEOU2         PEOU3         PEOU4         BI1           BI2
              ________      ________      ________      ________      ________
                    4             5             6             0             7


           LAMBDA
              PEOU          PU            BI            PEOUXPU
              ________      ________      ________      ________
 PU1                0             8             0             0
 PU2                0             9             0             0
 PU3                0            10             0             0
 PU4                0             0             0             0
 PEOU1             11             0             0             0
 PEOU2             12             0             0             0
 PEOU3             13             0             0             0
 PEOU4              0             0             0             0
 BI1                0             0             0             0
 BI2                0             0            14             0


           THETA
              PU1           PU2           PU3           PU4           PEOU1
              ________      ________      ________      ________      ________
 PU1               15
 PU2                0            16
 PU3                0             0            17
 PU4                0             0             0            18
 PEOU1              0             0             0             0            19
 PEOU2              0             0             0             0             0
 PEOU3              0             0             0             0             0
 PEOU4              0             0             0             0             0
 BI1                0             0             0             0             0
 BI2                0             0             0             0             0


           THETA
              PEOU2         PEOU3         PEOU4         BI1           BI2
              ________      ________      ________      ________      ________
 PEOU2             20
 PEOU3              0            21
 PEOU4              0             0            22
 BI1                0             0             0            23
 BI2                0             0             0             0            24


           ALPHA
              PEOU          PU            BI            PEOUXPU
              ________      ________      ________      ________
                   25            26            27             0


           BETA
              PEOU          PU            BI            PEOUXPU
              ________      ________      ________      ________
 PEOU               0             0             0             0
 PU                 0             0             0             0
 BI                28            29             0            30
 PEOUXPU            0             0             0             0


           PSI
              PEOU          PU            BI            PEOUXPU
              ________      ________      ________      ________
 PEOU              31
 PU                32            33
 BI                 0             0            34
 PEOUXPU            0             0             0             0


     STARTING VALUES


           NU
              PU1           PU2           PU3           PU4           PEOU1
              ________      ________      ________      ________      ________
                0.000         4.471         4.491         4.541         0.000


           NU
              PEOU2         PEOU3         PEOU4         BI1           BI2
              ________      ________      ________      ________      ________
                3.999         4.144         4.161         0.000         4.412


           LAMBDA
              PEOU          PU            BI            PEOUXPU
              ________      ________      ________      ________
 PU1            0.000         1.000         0.000         0.000
 PU2            0.000         1.000         0.000         0.000
 PU3            0.000         1.000         0.000         0.000
 PU4            0.000         1.000         0.000         0.000
 PEOU1          1.000         0.000         0.000         0.000
 PEOU2          1.000         0.000         0.000         0.000
 PEOU3          1.000         0.000         0.000         0.000
 PEOU4          1.000         0.000         0.000         0.000
 BI1            0.000         0.000         1.000         0.000
 BI2            0.000         0.000         1.000         0.000


           THETA
              PU1           PU2           PU3           PU4           PEOU1
              ________      ________      ________      ________      ________
 PU1            0.198
 PU2            0.000         0.234
 PU3            0.000         0.000         0.234
 PU4            0.000         0.000         0.000         0.178
 PEOU1          0.000         0.000         0.000         0.000         0.348
 PEOU2          0.000         0.000         0.000         0.000         0.000
 PEOU3          0.000         0.000         0.000         0.000         0.000
 PEOU4          0.000         0.000         0.000         0.000         0.000
 BI1            0.000         0.000         0.000         0.000         0.000
 BI2            0.000         0.000         0.000         0.000         0.000


           THETA
              PEOU2         PEOU3         PEOU4         BI1           BI2
              ________      ________      ________      ________      ________
 PEOU2          0.341
 PEOU3          0.000         0.264
 PEOU4          0.000         0.000         0.266
 BI1            0.000         0.000         0.000         0.182
 BI2            0.000         0.000         0.000         0.000         0.196


           ALPHA
              PEOU          PU            BI            PEOUXPU
              ________      ________      ________      ________
                0.000         0.000         0.000         0.000


           BETA
              PEOU          PU            BI            PEOUXPU
              ________      ________      ________      ________
 PEOU           0.000         0.000         0.000         0.000
 PU             0.000         0.000         0.000         0.000
 BI             0.000         0.000         0.000         0.000
 PEOUXPU        0.000         0.000         0.000         0.000


           PSI
              PEOU          PU            BI            PEOUXPU
              ________      ________      ________      ________
 PEOU           0.050
 PU             0.000         0.050
 BI             0.000         0.000         0.050
 PEOUXPU        0.000         0.000         0.000         0.000


TECHNICAL 8 OUTPUT


   E STEP  ITER  LOGLIKELIHOOD    ABS CHANGE   REL CHANGE  ALGORITHM
              1 -0.92437938D+05    0.0000000    0.0000000  EM
              2 -0.79974239D+04 ************    0.9134833  EM
              3 -0.77323461D+04  265.0778030    0.0331454  EM
              4 -0.75805233D+04  151.8227622    0.0196348  EM
              5 -0.74370505D+04  143.4728504    0.0189265  EM
              6 -0.72900392D+04  147.0112480    0.0197674  EM
              7 -0.71364918D+04  153.5474498    0.0210626  EM
              8 -0.69769226D+04  159.5692167    0.0223596  EM
              9 -0.68144216D+04  162.5010095    0.0232912  EM
             10 -0.66545959D+04  159.8256559    0.0234540  EM
             11 -0.65052377D+04  149.3581940    0.0224444  EM
             12 -0.63749190D+04  130.3187529    0.0200329  EM
             13 -0.62703321D+04  104.5868861    0.0164060  EM
             14 -0.61936201D+04   76.7119818    0.0122341  EM
             15 -0.61418197D+04   51.8003874    0.0083635  EM
             16 -0.61089410D+04   32.8787348    0.0053533  EM
             17 -0.60887620D+04   20.1789910    0.0033032  EM
             18 -0.60764457D+04   12.3162808    0.0020228  EM
             19 -0.60688040D+04    7.6416932    0.0012576  EM
             20 -0.60639223D+04    4.8816857    0.0008044  EM
             21 -0.60606995D+04    3.2228164    0.0005315  EM
             22 -0.60585059D+04    2.1936174    0.0003619  EM
             23 -0.60569738D+04    1.5320829    0.0002529  EM
             24 -0.60558808D+04    1.0929476    0.0001804  EM
             25 -0.60550872D+04    0.7936228    0.0001310  EM
             26 -0.60545019D+04    0.5852850    0.0000967  EM
             27 -0.60540641D+04    0.4378608    0.0000723  EM
             28 -0.60537319D+04    0.3321425    0.0000549  EM
             29 -0.60534764D+04    0.2554944    0.0000422  EM
             30 -0.60532770D+04    0.1994081    0.0000329  EM
             31 -0.60531190D+04    0.1580437    0.0000261  EM
             32 -0.60529917D+04    0.1273306    0.0000210  EM
             33 -0.60528873D+04    0.1043927    0.0000172  EM
             34 -0.60528001D+04    0.0871748    0.0000144  EM
             35 -0.60527259D+04    0.0741934    0.0000123  EM
             36 -0.60526615D+04    0.0643690    0.0000106  EM
             37 -0.60526046D+04    0.0569084    0.0000094  EM
             38 -0.60525534D+04    0.0512263    0.0000085  EM
             39 -0.60525065D+04    0.0468878    0.0000077  EM
             40 -0.60524629D+04    0.0435678    0.0000072  EM
             41 -0.60524219D+04    0.0410223    0.0000068  EM
             42 -0.60523828D+04    0.0390675    0.0000065  EM
             43 -0.60523453D+04    0.0375643    0.0000062  EM
             44 -0.60523089D+04    0.0364071    0.0000060  EM
             45 -0.60522734D+04    0.0355157    0.0000059  EM
             46 -0.60522385D+04    0.0348287    0.0000058  EM
             47 -0.60522042D+04    0.0342993    0.0000057  EM
             48 -0.60521703D+04    0.0338914    0.0000056  EM
             49 -0.60521368D+04    0.0335776    0.0000055  EM
             50 -0.60521034D+04    0.0333366    0.0000055  EM
             51 -0.60520703D+04    0.0331520    0.0000055  EM
             52 -0.60520373D+04    0.0330113    0.0000055  EM
             53 -0.60520044D+04    0.0329045    0.0000054  EM
             54 -0.60519715D+04    0.0328243    0.0000054  EM
             55 -0.60519388D+04    0.0327647    0.0000054  EM
             56 -0.60519061D+04    0.0327213    0.0000054  EM
             57 -0.60518734D+04    0.0326905    0.0000054  EM
             58 -0.60518407D+04    0.0326695    0.0000054  EM
             59 -0.60518080D+04    0.0326562    0.0000054  EM
             60 -0.60517754D+04    0.0326490    0.0000054  EM
             61 -0.60517427D+04    0.0326466    0.0000054  EM
             62 -0.60517101D+04    0.0326480    0.0000054  EM
             63 -0.60516774D+04    0.0326523    0.0000054  EM
             64 -0.60516448D+04    0.0326590    0.0000054  EM
             65 -0.60516121D+04    0.0326675    0.0000054  EM
             66 -0.60515794D+04    0.0326776    0.0000054  EM
             67 -0.60515467D+04    0.0326888    0.0000054  EM
             68 -0.60515140D+04    0.0327009    0.0000054  EM
             69 -0.60514813D+04    0.0327139    0.0000054  EM
             70 -0.60514486D+04    0.0327274    0.0000054  EM
             71 -0.60514159D+04    0.0327414    0.0000054  EM
             72 -0.60513831D+04    0.0327559    0.0000054  EM
             73 -0.60513503D+04    0.0327707    0.0000054  EM
             74 -0.60410186D+04   10.3317129    0.0017073  QN
             75 -0.60365579D+04    4.4606879    0.0007384  EM
             76 -0.60364929D+04    0.0650815    0.0000108  EM
             77 -0.60364366D+04    0.0562225    0.0000093  EM
             78 -0.60363848D+04    0.0518591    0.0000086  EM
             79 -0.60363357D+04    0.0490641    0.0000081  EM
             80 -0.60362886D+04    0.0470997    0.0000078  EM
             81 -0.60362429D+04    0.0456638    0.0000076  EM
             82 -0.60361983D+04    0.0445953    0.0000074  EM
             83 -0.60361546D+04    0.0437933    0.0000073  EM
             84 -0.60361114D+04    0.0431896    0.0000072  EM
             85 -0.60360686D+04    0.0427351    0.0000071  EM
             86 -0.60360262D+04    0.0423938    0.0000070  EM
             87 -0.60171577D+04   18.8685130    0.0031260  QN
             88 -0.60076292D+04    9.5285685    0.0015836  EM
             89 -0.60073178D+04    0.3113780    0.0000518  EM
             90 -0.60071147D+04    0.2031161    0.0000338  EM
             91 -0.60069521D+04    0.1625795    0.0000271  EM
             92 -0.60068151D+04    0.1369642    0.0000228  EM
             93 -0.60066966D+04    0.1185163    0.0000197  EM
             94 -0.60065919D+04    0.1046922    0.0000174  EM
             95 -0.60064977D+04    0.0941690    0.0000157  EM
             96 -0.60064116D+04    0.0861031    0.0000143  EM
             97 -0.60063317D+04    0.0799028    0.0000133  EM
             98 -0.60062566D+04    0.0751331    0.0000125  EM
             99 -0.60061851D+04    0.0714660    0.0000119  EM
            100 -0.60061165D+04    0.0686507    0.0000114  EM
            101 -0.59398205D+04   66.2960016    0.0110381  QN
            102 -0.59259420D+04   13.8784981    0.0023365  EM
            103 -0.59246219D+04    1.3200913    0.0002228  EM
            104 -0.59237434D+04    0.8784788    0.0001483  EM
            105 -0.59230675D+04    0.6759350    0.0001141  EM
            106 -0.59225272D+04    0.5403146    0.0000912  EM
            107 -0.59220860D+04    0.4411928    0.0000745  EM
            108 -0.59217193D+04    0.3666802    0.0000619  EM
            109 -0.59214093D+04    0.3100345    0.0000524  EM
            110 -0.59211425D+04    0.2667855    0.0000451  EM
            111 -0.59209087D+04    0.2337396    0.0000395  EM
            112 -0.59207002D+04    0.2085204    0.0000352  EM
            113 -0.59205109D+04    0.1893212    0.0000320  EM
            114 -0.59203361D+04    0.1747507    0.0000295  EM
            115 -0.59201724D+04    0.1637332    0.0000277  EM
            116 -0.59200170D+04    0.1554365    0.0000263  EM
            117 -0.58337414D+04   86.2756181    0.0145735  QN
            118 -0.58143346D+04   19.4067784    0.0033266  EM
            119 -0.58102201D+04    4.1144541    0.0007076  EM
            120 -0.58073877D+04    2.8324543    0.0004875  EM
            121 -0.58052410D+04    2.1466820    0.0003696  EM
            122 -0.58035701D+04    1.6708481    0.0002878  EM
            123 -0.58022528D+04    1.3172958    0.0002270  EM
            124 -0.58012027D+04    1.0501342    0.0001810  EM
            125 -0.58003548D+04    0.8479170    0.0001462  EM
            126 -0.57996594D+04    0.6953755    0.0001199  EM
            127 -0.57990785D+04    0.5808985    0.0001002  EM
            128 -0.57985830D+04    0.4954760    0.0000854  EM
            129 -0.57981509D+04    0.4321018    0.0000745  EM
            130 -0.57977656D+04    0.3853519    0.0000665  EM
            131 -0.57974145D+04    0.3510579    0.0000606  EM
            132 -0.57970885D+04    0.3260411    0.0000562  EM
            133 -0.57967806D+04    0.3078969    0.0000531  EM
            134 -0.57964858D+04    0.2948178    0.0000509  EM
            135 -0.56831401D+04  113.3456676    0.0195542  QN
            136 -0.56433136D+04   39.8264704    0.0070078  EM
            137 -0.56319927D+04   11.3209628    0.0020061  EM
            138 -0.56240819D+04    7.9108199    0.0014046  EM
            139 -0.56181572D+04    5.9246695    0.0010534  EM
            140 -0.56136492D+04    4.5079691    0.0008024  EM
            141 -0.56102130D+04    3.4362617    0.0006121  EM
            142 -0.56075963D+04    2.6166650    0.0004664  EM
            143 -0.56056027D+04    1.9936005    0.0003555  EM
            144 -0.56040771D+04    1.5256248    0.0002722  EM
            145 -0.56028981D+04    1.1789785    0.0002104  EM
            146 -0.56019724D+04    0.9257134    0.0001652  EM
            147 -0.56012294D+04    0.7430170    0.0001326  EM
            148 -0.56006166D+04    0.6127239    0.0001094  EM
            149 -0.56000959D+04    0.5207247    0.0000930  EM
            150 -0.55996396D+04    0.4563201    0.0000815  EM
            151 -0.55992280D+04    0.4115594    0.0000735  EM
            152 -0.55988474D+04    0.3806368    0.0000680  EM
            153 -0.55984880D+04    0.3593747    0.0000642  EM
            154 -0.55981432D+04    0.3448050    0.0000616  EM
            155 -0.55978084D+04    0.3348377    0.0000598  EM
            156 -0.55974804D+04    0.3280169    0.0000586  EM
            157 -0.54731992D+04  124.2811144    0.0222030  QN
            158 -0.54724927D+04    0.7065217    0.0001291  EM
            159 -0.54724264D+04    0.0663600    0.0000121  EM
            160 -0.54724019D+04    0.0244153    0.0000045  EM
            161 -0.54723918D+04    0.0101180    0.0000018  EM
            162 -0.54723874D+04    0.0044619    0.0000008  EM
            163 -0.54723853D+04    0.0020880    0.0000004  EM
            164 -0.54723842D+04    0.0010520    0.0000002  EM
            165 -0.54723836D+04    0.0005828    0.0000001  EM
            166 -0.54723833D+04    0.0003617    0.0000001  EM
            167 -0.54723830D+04    0.0002531    0.0000000  EM
            168 -0.54723828D+04    0.0001975    0.0000000  EM
            169 -0.54723827D+04    0.0001678    0.0000000  EM
            170 -0.54723825D+04    0.0001515    0.0000000  EM
            171 -0.54723824D+04    0.0001422    0.0000000  EM
            172 -0.54723822D+04    0.0001367    0.0000000  EM
            173 -0.54723821D+04    0.0001333    0.0000000  EM
            174 -0.54723820D+04    0.0001313    0.0000000  EM
            175 -0.54723818D+04    0.0001299    0.0000000  EM
            176 -0.54723245D+04    0.0572983    0.0000105  QN
            177 -0.54723245D+04    0.0000587    0.0000000  EM


DIAGRAM INFORMATION

  Use View Diagram under the Diagram menu in the Mplus Editor to view the diagram.
  If running Mplus from the Mplus Diagrammer, the diagram opens automatically.

  Diagram output
    d:\onedrive - the pennsylvania state university\homburg-chapter\latentinteraction-alt.dgm

     Beginning Time:  11:09:57
        Ending Time:  11:10:20
       Elapsed Time:  00:00:23



MUTHEN & MUTHEN
3463 Stoner Ave.
Los Angeles, CA  90066

Tel: (310) 391-9971
Fax: (310) 391-8971
Web: www.StatModel.com
Support: Support@StatModel.com

Copyright (c) 1998-2020 Muthen & Muthen
